POST /api/v1/auth/register 200 1.323 ms - 88
POST /api/v1/auth/register 400 0.303 ms - 74
POST /api/v1/auth/register 201 230.361 ms - 550
POST /api/v1/auth/login 200 155.577 ms - 326
GET /api/v1/auth/user-auth 200 5.448 ms - 11
GET /api/v1/auth/orders 200 7.089 ms - 2
GET /api/v1/auth/user-auth 304 7.673 ms - -
GET /api/v1/auth/user-auth 304 2.688 ms - -
GET /api/v1/auth/user-auth 304 1.419 ms - -
GET /api/v1/auth/user-auth 304 3.245 ms - -
GET /api/v1/auth/orders 304 6.043 ms - -
GET /api/v1/auth/user-auth 200 2.976 ms - 11
GET /api/v1/auth/orders 304 6.083 ms - -
GET /api/v1/auth/user-auth 304 6.266 ms - -
GET /api/v1/auth/orders 304 7.112 ms - -
POST /api/v1/auth/login 200 191.020 ms - 326
GET /api/v1/auth/user-admin 200 7.809 ms - 11
GET /api/v1/auth/user-admin 304 6.157 ms - -
POST /api/v1/auth/register 200 1.489 ms - 88
POST /api/v1/auth/register 201 122.538 ms - 550
POST /api/v1/auth/login 200 76.365 ms - 335
POST /api/v1/auth/register 400 0.587 ms - 59
POST /api/v1/auth/register 400 1.129 ms - 59
POST /api/v1/auth/register 400 0.449 ms - 59
POST /api/v1/auth/register 400 0.458 ms - 59
POST /api/v1/auth/register 200 1.320 ms - 88
POST /api/v1/auth/register 200 1.043 ms - 88
POST /api/v1/auth/register 201 2243.046 ms - 582
POST /api/v1/auth/register 201 110.756 ms - 582
POST /api/v1/auth/register 201 107.037 ms - 550
POST /api/v1/auth/forgot-password 400 9.733 ms - 51
POST /api/v1/auth/forgot-password 400 8.786 ms - 51
POST /api/v1/auth/forgot-password 400 6.108 ms - 51
POST /api/v1/auth/forgot-password 400 7.720 ms - 51
POST /api/v1/auth/forgot-password 400 4.513 ms - 51
POST /api/v1/auth/forgot-password 400 4.464 ms - 51
POST /api/v1/auth/forgot-password 400 7.284 ms - 51
POST /api/v1/auth/login 404 9.766 ms - 50
POST /api/v1/auth/register 500 145.294 ms - 187
POST /api/v1/auth/register 500 113.495 ms - 187
POST /api/v1/auth/login 401 198.472 ms - 46
POST /api/v1/auth/login 401 131.360 ms - 46
POST /api/v1/auth/login 401 120.804 ms - 46
POST /api/v1/auth/login 403 9.685 ms - 78
POST /api/v1/auth/login 200 169.777 ms - 326
GET /api/v1/auth/user-admin 304 14.059 ms - -
GET /api/v1/auth/all-orders 200 141.367 ms - 2
POST /api/v1/auth/login 403 11.618 ms - 78
POST /api/v1/auth/login 200 73.723 ms - 330
GET /api/v1/auth/user-auth 304 1.355 ms - -
GET /api/v1/auth/orders 304 6.406 ms - -
PUT /api/v1/auth/profile 200 66.254 ms - 471
PUT /api/v1/auth/profile 200 62.072 ms - 471
PUT /api/v1/auth/profile 200 64.427 ms - 471
