GET /api/v1/product/product-count 200 40.150 ms - 26
GET /api/v1/product/product-list/1 200 17.247 ms - 30
GET /api/v1/product/product-count 304 5.262 ms - -
GET /api/v1/product/product-list/1 304 5.244 ms - -
GET /api/v1/product/product-count 304 4.000 ms - -
GET /api/v1/product/product-list/1 304 4.275 ms - -
GET /api/v1/product/product-list/1 304 18.108 ms - -
GET /api/v1/product/product-count 304 7.930 ms - -
GET /api/v1/product/product-count 304 5.802 ms - -
GET /api/v1/product/product-list/1 304 6.316 ms - -
GET /api/v1/product/product-count 304 10.436 ms - -
GET /api/v1/product/product-list/1 304 5.287 ms - -
GET /api/v1/product/product-count 304 8.033 ms - -
GET /api/v1/product/product-list/1 304 4.347 ms - -
GET /api/v1/product/product-count 304 5.264 ms - -
GET /api/v1/product/product-list/1 304 5.375 ms - -
GET /api/v1/product/product-count 304 4.027 ms - -
GET /api/v1/product/product-list/1 304 4.000 ms - -
GET /api/v1/product/product-count 304 4.281 ms - -
GET /api/v1/product/product-list/1 304 3.714 ms - -
GET /api/v1/product/product-count 304 3.767 ms - -
GET /api/v1/product/product-list/1 304 3.639 ms - -
GET /api/v1/product/product-count 304 3.635 ms - -
GET /api/v1/product/product-list/1 304 3.855 ms - -
GET /api/v1/product/product-count 304 4.839 ms - -
GET /api/v1/product/product-list/1 304 4.059 ms - -
GET /api/v1/product/product-count 304 4.306 ms - -
GET /api/v1/product/product-list/1 304 3.418 ms - -
GET /api/v1/product/product-list/1 304 20.097 ms - -
POST /api/v1/product/product-filters 200 5.451 ms - 30
POST /api/v1/product/product-filters 200 2.754 ms - 30
GET /api/v1/product/product-count 304 4.167 ms - -
GET /api/v1/product/product-list/1 304 4.130 ms - -
GET /api/v1/product/product-list/1 304 4.059 ms - -
POST /api/v1/product/product-filters 200 3.163 ms - 30
GET /api/v1/product/product-count 304 3.199 ms - -
GET /api/v1/product/product-list/1 304 3.637 ms - -
POST /api/v1/product/product-filters 200 2.946 ms - 30
GET /api/v1/product/product-list/1 304 2.737 ms - -
GET /api/v1/product/product-count 304 2.928 ms - -
GET /api/v1/product/product-list/1 304 3.773 ms - -
GET /api/v1/product/product-list/1 304 3.740 ms - -
POST /api/v1/product/product-filters 200 3.851 ms - 30
GET /api/v1/product/product-count 304 4.094 ms - -
GET /api/v1/product/product-list/1 304 3.376 ms - -
GET /api/v1/product/product-list/1 304 3.624 ms - -
POST /api/v1/product/product-filters 200 4.001 ms - 30
GET /api/v1/product/product-count 304 3.901 ms - -
GET /api/v1/product/product-list/1 304 3.546 ms - -
GET /api/v1/product/braintree/token 200 2203.401 ms - 2413
GET /api/v1/product/braintree/token 200 781.985 ms - 2413
GET /api/v1/product/braintree/token 200 844.711 ms - 2413
GET /api/v1/product/braintree/token 200 2158.831 ms - 2413
GET /api/v1/product/braintree/token 200 849.792 ms - 2413
GET /api/v1/product/braintree/token 200 2160.300 ms - 2413
GET /api/v1/product/braintree/token 200 678.111 ms - 2413
GET /api/v1/product/product-list/1 304 18.771 ms - -
GET /api/v1/product/product-count 304 16.668 ms - -
GET /api/v1/product/search/car 200 14.151 ms - 2
GET /api/v1/product/product-count 304 5.220 ms - -
GET /api/v1/product/product-list/1 304 5.373 ms - -
GET /api/v1/product/product-count 304 22.013 ms - -
GET /api/v1/product/product-list/1 304 7.058 ms - -
GET /api/v1/product/product-list/1 304 6.013 ms - -
POST /api/v1/product/product-filters 200 4.767 ms - 30
GET /api/v1/product/product-count 304 6.117 ms - -
GET /api/v1/product/product-list/1 304 5.568 ms - -
GET /api/v1/product/product-count 304 3.476 ms - -
GET /api/v1/product/product-list/1 304 4.478 ms - -
GET /api/v1/product/product-count 304 8.240 ms - -
GET /api/v1/product/product-list/1 304 7.322 ms - -
GET /api/v1/product/product-count 304 5.205 ms - -
GET /api/v1/product/product-list/1 304 5.522 ms - -
GET /api/v1/product/product-count 304 6.567 ms - -
GET /api/v1/product/product-list/1 304 6.918 ms - -
GET /api/v1/product/product-count 304 3.317 ms - -
GET /api/v1/product/product-list/1 304 3.786 ms - -
GET /api/v1/product/product-count 304 4.650 ms - -
GET /api/v1/product/product-list/1 304 5.024 ms - -
GET /api/v1/product/braintree/token 200 1489.382 ms - 2413
GET /api/v1/product/product-count 304 9.760 ms - -
GET /api/v1/product/product-list/1 304 8.990 ms - -
GET /api/v1/product/braintree/token 200 1503.832 ms - 2413
GET /api/v1/product/braintree/token 200 772.532 ms - 2413
GET /api/v1/product/product-count 304 7.012 ms - -
GET /api/v1/product/product-list/1 304 9.259 ms - -
GET /api/v1/product/braintree/token 200 881.803 ms - 2413
GET /api/v1/product/braintree/token 200 1369.012 ms - 2413
GET /api/v1/product/product-count 304 11.923 ms - -
GET /api/v1/product/product-list/1 304 9.932 ms - -
GET /api/v1/product/product-count 304 4.954 ms - -
GET /api/v1/product/product-list/1 304 5.632 ms - -
GET /api/v1/product/product-count 304 8.200 ms - -
GET /api/v1/product/product-list/1 304 8.486 ms - -
GET /api/v1/product/get-product 200 4.248 ms - 72
POST /api/v1/product/create-product 500 39.554 ms - 580
POST /api/v1/product/create-product 200 97.384 ms - 1009901
GET /api/v1/product/product-count 200 5.992 ms - 26
GET /api/v1/product/product-list/1 200 7.371 ms - 269
GET /api/v1/product/product-photo/65bf981427f809fa2152ea32 200 12.869 ms - 281594
GET /api/v1/product/product-photo/undefined 500 9.614 ms - 171
GET /api/v1/product/get-product/S-200 200 21.983 ms - 353
GET /api/v1/product/related-product/65bf981427f809fa2152ea32/65bf977c53e3228e7067c53e 200 9.457 ms - 30
GET /api/v1/product/get-product/S-200 304 32.188 ms - -
GET /api/v1/product/related-product/65bf981427f809fa2152ea32/65bf977c53e3228e7067c53e 304 5.570 ms - -
GET /api/v1/product/product-count 304 7.290 ms - -
GET /api/v1/product/product-list/1 304 7.775 ms - -
GET /api/v1/product/braintree/token 200 1772.433 ms - 2413
GET /api/v1/product/product-count 304 5.571 ms - -
GET /api/v1/product/product-list/1 304 7.288 ms - -
GET /api/v1/product/product-count 304 15.562 ms - -
GET /api/v1/product/product-list/1 304 16.252 ms - -
GET /api/v1/product/product-count 304 26.310 ms - -
GET /api/v1/product/product-list/1 304 9.657 ms - -
GET /api/v1/product/product-count 200 21.415 ms - 26
GET /api/v1/product/product-list/1 200 22.525 ms - 269
GET /api/v1/product/product-count 304 18.572 ms - -
GET /api/v1/product/product-list/1 304 7.385 ms - -
GET /api/v1/product/product-count 304 10.172 ms - -
GET /api/v1/product/product-list/1 304 9.184 ms - -
GET /api/v1/product/product-photo/65bf981427f809fa2152ea32 304 36.872 ms - -
GET /api/v1/product/product-count 304 14.292 ms - -
GET /api/v1/product/product-list/1 304 12.482 ms - -
GET /api/v1/product/product-count 304 30.129 ms - -
GET /api/v1/product/product-list/1 304 7.967 ms - -
GET /api/v1/product/product-count 200 18.586 ms - 26
GET /api/v1/product/product-list/1 200 36.323 ms - 269
GET /api/v1/product/product-list/1 304 183.303 ms - -
GET /api/v1/product/product-count 304 178.990 ms - -
GET /api/v1/product/product-photo/65bf981427f809fa2152ea32 304 151.958 ms - -
GET /api/v1/product/product-count 304 23.302 ms - -
GET /api/v1/product/product-list/1 304 10.596 ms - -
GET /api/v1/product/product-count 304 10.270 ms - -
GET /api/v1/product/product-list/1 304 7.895 ms - -
GET /api/v1/product/product-photo/65bf981427f809fa2152ea32 304 72.462 ms - -
GET /api/v1/product/product-count 304 16.993 ms - -
GET /api/v1/product/product-list/1 304 17.933 ms - -
GET /api/v1/product/product-count 304 11.131 ms - -
GET /api/v1/product/product-list/1 304 12.080 ms - -
GET /api/v1/product/product-count 304 7.379 ms - -
GET /api/v1/product/product-list/1 304 10.817 ms - -
GET /api/v1/product/product-count 304 40.845 ms - -
GET /api/v1/product/product-list/1 304 11.784 ms - -
GET /api/v1/product/product-count 304 26.456 ms - -
GET /api/v1/product/product-list/1 304 11.900 ms - -
GET /api/v1/product/product-count 304 7.875 ms - -
GET /api/v1/product/product-list/1 304 7.369 ms - -
GET /api/v1/product/product-count 304 13.008 ms - -
GET /api/v1/product/product-list/1 304 35.468 ms - -
GET /api/v1/product/product-photo/65bf981427f809fa2152ea32 304 179.167 ms - -
GET /api/v1/product/product-count 304 31.575 ms - -
GET /api/v1/product/product-list/1 304 32.705 ms - -
GET /api/v1/product/product-count 304 6.859 ms - -
GET /api/v1/product/product-list/1 304 5.572 ms - -
GET /api/v1/product/product-count 200 36.683 ms - 26
GET /api/v1/product/product-list/1 200 39.712 ms - 269
GET /api/v1/product/product-count 304 112.286 ms - -
GET /api/v1/product/product-list/1 304 7.520 ms - -
GET /api/v1/product/product-photo/65bf981427f809fa2152ea32 304 26.645 ms - -
GET /api/v1/product/product-count 200 45.407 ms - 26
GET /api/v1/product/product-list/1 200 8.501 ms - 269
GET /api/v1/product/product-photo/65bf981427f809fa2152ea32 304 23.363 ms - -
GET /api/v1/product/product-count 304 19.819 ms - -
GET /api/v1/product/product-list/1 304 7.069 ms - -
GET /api/v1/product/product-count 304 8.030 ms - -
GET /api/v1/product/product-list/1 304 10.442 ms - -
GET /api/v1/product/product-photo/65bf981427f809fa2152ea32 304 161.789 ms - -
GET /api/v1/product/product-count 304 5.642 ms - -
GET /api/v1/product/product-list/1 304 18.618 ms - -
GET /api/v1/product/product-photo/65bf981427f809fa2152ea32 304 98.401 ms - -
GET /api/v1/product/product-count 304 9.502 ms - -
GET /api/v1/product/product-list/1 304 6.706 ms - -
GET /api/v1/product/product-photo/65bf981427f809fa2152ea32 304 14.614 ms - -
GET /api/v1/product/product-count 304 5.670 ms - -
GET /api/v1/product/product-list/1 304 26.825 ms - -
GET /api/v1/product/product-photo/65bf981427f809fa2152ea32 304 142.162 ms - -
GET /api/v1/product/product-count 304 9.782 ms - -
GET /api/v1/product/product-list/1 304 12.168 ms - -
GET /api/v1/product/product-photo/65bf981427f809fa2152ea32 304 70.992 ms - -
GET /api/v1/product/product-count 304 4.827 ms - -
GET /api/v1/product/product-list/1 304 6.417 ms - -
GET /api/v1/product/product-photo/65bf981427f809fa2152ea32 304 19.449 ms - -
GET /api/v1/product/product-count 304 8.488 ms - -
GET /api/v1/product/product-list/1 304 14.572 ms - -
GET /api/v1/product/product-count 304 6.555 ms - -
GET /api/v1/product/product-list/1 304 7.068 ms - -
GET /api/v1/product/product-photo/65bf981427f809fa2152ea32 304 13.275 ms - -
GET /api/v1/product/product-count 304 4.277 ms - -
GET /api/v1/product/product-list/1 304 6.619 ms - -
GET /api/v1/product/product-photo/65bf981427f809fa2152ea32 304 16.853 ms - -
GET /api/v1/product/product-count 304 9.466 ms - -
GET /api/v1/product/product-list/1 304 14.622 ms - -
GET /api/v1/product/product-photo/65bf981427f809fa2152ea32 304 17.835 ms - -
GET /api/v1/product/product-count 304 5.703 ms - -
GET /api/v1/product/product-list/1 304 4.439 ms - -
GET /api/v1/product/product-photo/65bf981427f809fa2152ea32 304 12.792 ms - -
GET /api/v1/product/product-count 304 6.646 ms - -
GET /api/v1/product/product-list/1 304 10.865 ms - -
GET /api/v1/product/product-count 200 29.476 ms - 26
GET /api/v1/product/product-list/1 200 12.867 ms - 269
GET /api/v1/product/product-photo/65bf981427f809fa2152ea32 304 23.478 ms - -
GET /api/v1/product/product-count 304 27.345 ms - -
GET /api/v1/product/product-list/1 304 8.489 ms - -
GET /api/v1/product/product-count 304 26.339 ms - -
GET /api/v1/product/product-list/1 304 10.406 ms - -
GET /api/v1/product/braintree/token 200 2511.383 ms - 2413
GET /api/v1/product/product-photo/65bf981427f809fa2152ea32 304 90.163 ms - -
GET /api/v1/product/braintree/token 200 1216.929 ms - 2413
GET /api/v1/product/product-count 200 16.289 ms - 26
GET /api/v1/product/product-list/1 200 20.901 ms - 269
GET /api/v1/product/search/ 404 3.983 ms - 161
GET /api/v1/product/search/car 304 131.960 ms - -
GET /api/v1/product/product-count 304 28.801 ms - -
GET /api/v1/product/product-list/1 304 14.442 ms - -
GET /api/v1/product/product-photo/65bf981427f809fa2152ea32 304 144.268 ms - -
GET /api/v1/product/search/S-200 200 34.287 ms - 241
GET /api/v1/product/product-count 304 34.169 ms - -
GET /api/v1/product/product-list/1 304 40.130 ms - -
GET /api/v1/product/search/S-200 304 14.775 ms - -
GET /api/v1/product/product-count 304 15.283 ms - -
GET /api/v1/product/product-list/1 304 22.481 ms - -
GET /api/v1/product/product-count 200 24.078 ms - 26
GET /api/v1/product/product-list/1 200 25.255 ms - 269
GET /api/v1/product/product-photo/65bf981427f809fa2152ea32 304 20.762 ms - -
GET /api/v1/product/product-count 200 23.275 ms - 26
GET /api/v1/product/product-list/1 200 25.236 ms - 269
GET /api/v1/product/product-photo/65bf981427f809fa2152ea32 304 18.579 ms - -
GET /api/v1/product/product-count 304 16.093 ms - -
GET /api/v1/product/product-list/1 304 12.934 ms - -
GET /api/v1/product/product-photo/65bf981427f809fa2152ea32 304 17.442 ms - -
GET /api/v1/product/product-count 304 10.561 ms - -
GET /api/v1/product/product-list/1 304 11.294 ms - -
GET /api/v1/product/product-count 200 7.566 ms - 26
GET /api/v1/product/product-list/1 200 6.229 ms - 269
GET /api/v1/product/product-photo/65bf981427f809fa2152ea32 304 13.809 ms - -
GET /api/v1/product/product-count 304 5.179 ms - -
GET /api/v1/product/product-list/1 304 6.489 ms - -
GET /api/v1/product/product-photo/65bf981427f809fa2152ea32 304 10.036 ms - -
GET /api/v1/product/product-count 304 4.926 ms - -
GET /api/v1/product/product-list/1 304 4.958 ms - -
GET /api/v1/product/product-photo/65bf981427f809fa2152ea32 304 116.468 ms - -
GET /api/v1/product/product-count 304 3.893 ms - -
GET /api/v1/product/product-list/1 304 7.086 ms - -
GET /api/v1/product/product-photo/65bf981427f809fa2152ea32 304 15.085 ms - -
GET /api/v1/product/product-count 304 4.738 ms - -
GET /api/v1/product/product-list/1 304 9.438 ms - -
GET /api/v1/product/product-photo/65bf981427f809fa2152ea32 200 15.194 ms - 281594
GET /api/v1/product/braintree/token 200 1793.194 ms - 2413
GET /api/v1/product/product-count 304 5.529 ms - -
GET /api/v1/product/product-list/1 304 9.506 ms - -
GET /api/v1/product/product-photo/65bf981427f809fa2152ea32 304 31.014 ms - -
GET /api/v1/product/get-product 200 22.846 ms - 363
GET /api/v1/product/get-product 304 20.370 ms - -
POST /api/v1/product/create-product 200 104.463 ms - 1777160
GET /api/v1/product/product-count 200 6.875 ms - 26
GET /api/v1/product/product-list/1 200 7.723 ms - 508
GET /api/v1/product/product-photo/65bfaf80b2ab3ecb45e598a6 200 16.027 ms - 502431
GET /api/v1/product/product-count 304 6.014 ms - -
GET /api/v1/product/product-list/1 304 6.973 ms - -
GET /api/v1/product/braintree/token 200 2180.594 ms - 2413
GET /api/v1/product/braintree/token 200 851.160 ms - 2413
GET /api/v1/product/product-count 304 5.764 ms - -
GET /api/v1/product/product-list/1 304 6.622 ms - -
GET /api/v1/product/product-photo/65bf981427f809fa2152ea32 304 10.407 ms - -
GET /api/v1/product/product-photo/65bfaf80b2ab3ecb45e598a6 304 15.184 ms - -
GET /api/v1/product/braintree/token 200 712.979 ms - 2413
GET /api/v1/product/product-count 304 4.173 ms - -
GET /api/v1/product/product-list/1 304 5.362 ms - -
GET /api/v1/product/braintree/token 200 882.760 ms - 2413
